<testsuite errors="0" failures="1" hostname="cb304d0a9918" name="al_visitor_site.homepage.al_visitor_site.homepage" skipped="0" tests="1" time="7.413117" timestamp="2019-01-23T18:46:10.209330"><testcase classname="al_visitor_site.homepage.al_visitor_site.homepage" name="testing segment pagecall on homepage" status="failed" time="7.413117"><failure message="name not in segment properties" type="AssertionError">
<![CDATA[]]>
</failure><system-out>
<![CDATA[]]>
</system-out></testcase></testsuite>