<testsuite errors="0" failures="1" hostname="eb8f8e8ce095" name="al_visitor_site.homepage.al_visitor_site.homepage" skipped="0" tests="1" time="9.321486" timestamp="2019-01-23T18:43:50.479105"><testcase classname="al_visitor_site.homepage.al_visitor_site.homepage" name="testing segment pagecall on homepage" status="failed" time="9.321486"><failure message="name not in segment properties" type="AssertionError">
<![CDATA[]]>
</failure><system-out>
<![CDATA[]]>
</system-out></testcase></testsuite>