<testsuite errors="0" failures="1" hostname="c456869f7e81" name="al_visitor_site.homepage.al_visitor_site.homepage" skipped="0" tests="1" time="8.003415" timestamp="2019-01-23T18:44:17.748119"><testcase classname="al_visitor_site.homepage.al_visitor_site.homepage" name="testing segment pagecall on homepage" status="failed" time="8.003415"><failure message="name not in segment properties" type="AssertionError">
<![CDATA[]]>
</failure><system-out>
<![CDATA[]]>
</system-out></testcase></testsuite>