<testsuite errors="0" failures="1" hostname="37885b7731a2" name="al_visitor_site.homepage.al_visitor_site.homepage" skipped="0" tests="1" time="13.452026" timestamp="2019-01-23T18:57:16.769445"><testcase classname="al_visitor_site.homepage.al_visitor_site.homepage" name="testing segment pagecall on homepage" status="failed" time="13.452026"><failure message="name not in segment properties" type="AssertionError">
<![CDATA[]]>
</failure><system-out>
<![CDATA[]]>
</system-out></testcase></testsuite>